<?xml version="1.0" encoding="UTF-8"?>
<testsuite xmlns:xsi="http://www.w3.org/2001/XMLSchema-instance" xsi:noNamespaceSchemaLocation="https://maven.apache.org/surefire/maven-surefire-plugin/xsd/surefire-test-report-3.0.xsd" version="3.0" name="com.eworld.EworldApplicationTests" time="12.135" tests="1" errors="0" skipped="0" failures="0">
  <properties>
[...]
</properties>
  <testcase name="contextLoads" classname="com.eworld.EworldApplicationTests" time="0.693">
    <system-out><![CDATA[12:35:56.578 [main] INFO org.springframework.test.context.support.AnnotationConfigContextLoaderUtils -- Could not detect default configuration classes for test class [com.eworld.EworldApplicationTests]: EworldApplicationTests does not declare any static, non-private, non-final, nested classes annotated with @Configuration.
12:35:56.691 [main] INFO org.springframework.boot.test.context.SpringBootTestContextBootstrapper -- Found @SpringBootConfiguration com.eworld.EworldApplication for test class com.eworld.EworldApplicationTests

  .   ____          _            __ _ _
 /\\ / ___'_ __ _ _(_)_ __  __ _ \ \ \ \
( ( )\___ | '_ | '_| | '_ \/ _` | \ \ \ \
 \\/  ___)| |_)| | | | | || (_| |  ) ) ) )
  '  |____| .__|_| |_|_| |_\__, | / / / /
 =========|_|==============|___/=/_/_/_/
 :: Spring Boot ::                (v3.1.2)

2023-08-13T12:35:57.234+05:30  WARN 8324 --- [           main] ory$DuplicateJsonObjectContextCustomizer : 

Found multiple occurrences of org.json.JSONObject on the class path:

	jar:file:/C:/Users/LENOVO/.m2/repository/org/json/json/20180130/json-20180130.jar!/org/json/JSONObject.class
	jar:file:/C:/Users/LENOVO/.m2/repository/com/vaadin/external/google/android-json/0.0.20131108.vaadin1/android-json-0.0.20131108.vaadin1.jar!/org/json/JSONObject.class

You may wish to exclude one of them to ensure predictable runtime behavior

2023-08-13T12:35:57.259+05:30  INFO 8324 --- [           main] com.eworld.EworldApplicationTests        : Starting EworldApplicationTests using Java 17.0.2 with PID 8324 (started by LENOVO in C:\Study\Eworld-V1\Eworld)
2023-08-13T12:35:57.259+05:30  INFO 8324 --- [           main] com.eworld.EworldApplicationTests        : No active profile set, falling back to 1 default profile: "default"
2023-08-13T12:35:58.182+05:30  INFO 8324 --- [           main] .s.d.r.c.RepositoryConfigurationDelegate : Bootstrapping Spring Data JPA repositories in DEFAULT mode.
2023-08-13T12:35:58.288+05:30  INFO 8324 --- [           main] .s.d.r.c.RepositoryConfigurationDelegate : Finished Spring Data repository scanning in 92 ms. Found 11 JPA repository interfaces.
2023-08-13T12:35:59.497+05:30  INFO 8324 --- [           main] o.hibernate.jpa.internal.util.LogHelper  : HHH000204: Processing PersistenceUnitInfo [name: default]
2023-08-13T12:35:59.706+05:30  INFO 8324 --- [           main] org.hibernate.Version                    : HHH000412: Hibernate ORM core version 6.2.6.Final
2023-08-13T12:35:59.712+05:30  INFO 8324 --- [           main] org.hibernate.cfg.Environment            : HHH000406: Using bytecode reflection optimizer
2023-08-13T12:36:00.233+05:30  INFO 8324 --- [           main] o.h.b.i.BytecodeProviderInitiator        : HHH000021: Bytecode provider name : bytebuddy
2023-08-13T12:36:00.556+05:30  INFO 8324 --- [           main] o.s.o.j.p.SpringPersistenceUnitInfo      : No LoadTimeWeaver setup: ignoring JPA class transformer
2023-08-13T12:36:00.595+05:30  INFO 8324 --- [           main] com.zaxxer.hikari.HikariDataSource       : HikariPool-1 - Starting...
2023-08-13T12:36:01.566+05:30  INFO 8324 --- [           main] com.zaxxer.hikari.pool.HikariPool        : HikariPool-1 - Added connection com.mysql.cj.jdbc.ConnectionImpl@5d3b6585
2023-08-13T12:36:01.572+05:30  INFO 8324 --- [           main] com.zaxxer.hikari.HikariDataSource       : HikariPool-1 - Start completed.
2023-08-13T12:36:01.703+05:30  WARN 8324 --- [           main] org.hibernate.orm.deprecation            : HHH90000026: MySQL8Dialect has been deprecated; use org.hibernate.dialect.MySQLDialect instead
2023-08-13T12:36:02.253+05:30  INFO 8324 --- [           main] o.h.b.i.BytecodeProviderInitiator        : HHH000021: Bytecode provider name : bytebuddy
2023-08-13T12:36:03.285+05:30  INFO 8324 --- [           main] o.h.e.t.j.p.i.JtaPlatformInitiator       : HHH000490: Using JtaPlatform implementation: [org.hibernate.engine.transaction.jta.platform.internal.NoJtaPlatform]
2023-08-13T12:36:03.550+05:30  INFO 8324 --- [           main] j.LocalContainerEntityManagerFactoryBean : Initialized JPA EntityManagerFactory for persistence unit 'default'
2023-08-13T12:36:04.128+05:30  INFO 8324 --- [           main] o.s.d.j.r.query.QueryEnhancerFactory     : Hibernate is in classpath; If applicable, HQL parser will be used.
2023-08-13T12:36:05.858+05:30  WARN 8324 --- [           main] JpaBaseConfiguration$JpaWebConfiguration : spring.jpa.open-in-view is enabled by default. Therefore, database queries may be performed during view rendering. Explicitly configure spring.jpa.open-in-view to disable this warning
2023-08-13T12:36:06.350+05:30  INFO 8324 --- [           main] o.s.s.web.DefaultSecurityFilterChain     : Will secure any request with [org.springframework.security.web.session.DisableEncodeUrlFilter@533c7a52, org.springframework.security.web.context.request.async.WebAsyncManagerIntegrationFilter@3eb60858, org.springframework.security.web.context.SecurityContextHolderFilter@2ef4e7f3, org.springframework.security.web.header.HeaderWriterFilter@536d655f, org.springframework.security.web.authentication.logout.LogoutFilter@77d50cde, org.springframework.security.web.authentication.UsernamePasswordAuthenticationFilter@2d980ff2, org.springframework.security.web.savedrequest.RequestCacheAwareFilter@e8fabad, org.springframework.security.web.servletapi.SecurityContextHolderAwareRequestFilter@13866e67, org.springframework.security.web.authentication.AnonymousAuthenticationFilter@469f8de2, org.springframework.security.web.access.ExceptionTranslationFilter@1d9a80d8, org.springframework.security.web.access.intercept.FilterSecurityInterceptor@53365a58]
2023-08-13T12:36:07.231+05:30  INFO 8324 --- [           main] o.s.b.a.w.s.WelcomePageHandlerMapping    : Adding welcome page template: index
2023-08-13T12:36:07.790+05:30  INFO 8324 --- [           main] com.eworld.EworldApplicationTests        : Started EworldApplicationTests in 10.895 seconds (process running for 12.269)
]]></system-out>
  </testcase>
</testsuite>